finish preprocessing /home/aarushi/xtreme/afr_pre/download//panx/panx_processed_maxlen128/amh/dev.bert-base-multilingual-cased
finish preprocessing /home/aarushi/xtreme/afr_pre/download//panx/panx_processed_maxlen128/amh/test.bert-base-multilingual-cased
finish preprocessing /home/aarushi/xtreme/afr_pre/download//panx/panx_processed_maxlen128/amh/train.bert-base-multilingual-cased
finish preprocessing /home/aarushi/xtreme/afr_pre/download//panx/panx_processed_maxlen128/hau/dev.bert-base-multilingual-cased
finish preprocessing /home/aarushi/xtreme/afr_pre/download//panx/panx_processed_maxlen128/hau/test.bert-base-multilingual-cased
finish preprocessing /home/aarushi/xtreme/afr_pre/download//panx/panx_processed_maxlen128/hau/train.bert-base-multilingual-cased
finish preprocessing /home/aarushi/xtreme/afr_pre/download//panx/panx_processed_maxlen128/ibo/dev.bert-base-multilingual-cased
finish preprocessing /home/aarushi/xtreme/afr_pre/download//panx/panx_processed_maxlen128/ibo/test.bert-base-multilingual-cased
finish preprocessing /home/aarushi/xtreme/afr_pre/download//panx/panx_processed_maxlen128/ibo/train.bert-base-multilingual-cased
finish preprocessing /home/aarushi/xtreme/afr_pre/download//panx/panx_processed_maxlen128/kin/dev.bert-base-multilingual-cased
finish preprocessing /home/aarushi/xtreme/afr_pre/download//panx/panx_processed_maxlen128/kin/test.bert-base-multilingual-cased
finish preprocessing /home/aarushi/xtreme/afr_pre/download//panx/panx_processed_maxlen128/kin/train.bert-base-multilingual-cased
finish preprocessing /home/aarushi/xtreme/afr_pre/download//panx/panx_processed_maxlen128/lug/dev.bert-base-multilingual-cased
finish preprocessing /home/aarushi/xtreme/afr_pre/download//panx/panx_processed_maxlen128/lug/test.bert-base-multilingual-cased
finish preprocessing /home/aarushi/xtreme/afr_pre/download//panx/panx_processed_maxlen128/lug/train.bert-base-multilingual-cased
finish preprocessing /home/aarushi/xtreme/afr_pre/download//panx/panx_processed_maxlen128/luo/dev.bert-base-multilingual-cased
finish preprocessing /home/aarushi/xtreme/afr_pre/download//panx/panx_processed_maxlen128/luo/test.bert-base-multilingual-cased
finish preprocessing /home/aarushi/xtreme/afr_pre/download//panx/panx_processed_maxlen128/luo/train.bert-base-multilingual-cased
finish preprocessing /home/aarushi/xtreme/afr_pre/download//panx/panx_processed_maxlen128/pcm/dev.bert-base-multilingual-cased
finish preprocessing /home/aarushi/xtreme/afr_pre/download//panx/panx_processed_maxlen128/pcm/test.bert-base-multilingual-cased
finish preprocessing /home/aarushi/xtreme/afr_pre/download//panx/panx_processed_maxlen128/pcm/train.bert-base-multilingual-cased
finish preprocessing /home/aarushi/xtreme/afr_pre/download//panx/panx_processed_maxlen128/swa/dev.bert-base-multilingual-cased
finish preprocessing /home/aarushi/xtreme/afr_pre/download//panx/panx_processed_maxlen128/swa/test.bert-base-multilingual-cased
finish preprocessing /home/aarushi/xtreme/afr_pre/download//panx/panx_processed_maxlen128/swa/train.bert-base-multilingual-cased
finish preprocessing /home/aarushi/xtreme/afr_pre/download//panx/panx_processed_maxlen128/wol/dev.bert-base-multilingual-cased
finish preprocessing /home/aarushi/xtreme/afr_pre/download//panx/panx_processed_maxlen128/wol/test.bert-base-multilingual-cased
finish preprocessing /home/aarushi/xtreme/afr_pre/download//panx/panx_processed_maxlen128/wol/train.bert-base-multilingual-cased
finish preprocessing /home/aarushi/xtreme/afr_pre/download//panx/panx_processed_maxlen128/yor/dev.bert-base-multilingual-cased
finish preprocessing /home/aarushi/xtreme/afr_pre/download//panx/panx_processed_maxlen128/yor/test.bert-base-multilingual-cased
finish preprocessing /home/aarushi/xtreme/afr_pre/download//panx/panx_processed_maxlen128/yor/train.bert-base-multilingual-cased
